<?xml version="1.0" encoding="UTF-8"?>
<!-- Generated by org.testng.reporters.JUnitXMLReporter -->
<testsuite ignored="0" hostname="DESKTOP-6RR0I9J" failures="0" tests="13" name="Default test" time="37.094" errors="0" timestamp="2022-04-13T23:38:13 IST">
  <testcase classname="com.qc.pom.testcases.POMTest" name="doLogin" time="0.607"/>
  <testcase classname="com.qc.pom.testcases.POMTest" name="doLogin" time="0.42"/>
  <testcase classname="com.qc.pom.testcases.POMTest" name="doLogin" time="0.512"/>
  <testcase classname="com.qc.pom.testcases.POMTest" name="doLogin" time="0.434"/>
  <testcase classname="com.qc.pom.testcases.POMTest" name="doLogin" time="0.493"/>
  <testcase classname="com.qc.pom.testcases.POMTest" name="doLogin" time="0.498"/>
  <testcase classname="com.qc.pom.testcases.POMTest" name="doLogin" time="1.828"/>
  <testcase classname="com.qc.pom.testcases.POMTest" name="doRegister" time="1.294"/>
  <testcase classname="com.qc.pom.testcases.POMTest" name="doRegister" time="0.905"/>
  <testcase classname="com.qc.pom.testcases.POMTest" name="doRegister" time="0.808"/>
  <testcase classname="com.qc.pom.testcases.POMTest" name="doRegister" time="0.767"/>
  <testcase classname="com.qc.pom.testcases.POMTest" name="doRegister" time="0.86"/>
  <testcase classname="com.qc.pom.testcases.POMTest" name="doRegister" time="0.88"/>
</testsuite> <!-- Default test -->
