<?xml version="1.0" encoding="UTF-8"?>
<!-- Generated by org.testng.reporters.JUnitXMLReporter -->
<testsuite ignored="2" hostname="DESKTOP-6RR0I9J" failures="0" tests="13" name="Test" time="37.891" errors="0" timestamp="2022-04-14T00:22:25 IST">
  <testcase classname="com.qc.pom.testcases.POMTest" name="doLogin" time="0.662"/>
  <testcase classname="com.qc.pom.testcases.POMTest" name="doLogin" time="0.482"/>
  <testcase classname="com.qc.pom.testcases.POMTest" name="doLogin" time="0.612"/>
  <testcase classname="com.qc.pom.testcases.POMTest" name="doLogin" time="0.406"/>
  <testcase classname="com.qc.pom.testcases.POMTest" name="doLogin" time="0.662"/>
  <testcase classname="com.qc.pom.testcases.POMTest" name="doLogin" time="0.483"/>
  <testcase classname="com.qc.pom.testcases.POMTest" name="doLogin" time="2.146"/>
  <testcase classname="com.qc.pom.testcases.POMTest" name="doRegister" time="1.244"/>
  <testcase classname="com.qc.pom.testcases.POMTest" name="doRegister" time="0.913"/>
  <testcase classname="com.qc.pom.testcases.POMTest" name="doRegister" time="0.867"/>
  <testcase classname="com.qc.pom.testcases.POMTest" name="doRegister" time="0.8"/>
  <testcase classname="com.qc.pom.testcases.POMTest" name="doRegister" time="0.863"/>
  <testcase classname="com.qc.pom.testcases.POMTest" name="doRegister" time="0.927"/>
  <testcase classname="com.qc.pom.testcases.BaseIntegration" name="@BeforeSuite doSetup" time="0.0">
    <ignored/>
  </testcase> <!-- @BeforeSuite doSetup -->
  <testcase classname="com.qc.pom.testcases.BaseIntegration" name="@AfterSuite tearDown" time="0.0">
    <ignored/>
  </testcase> <!-- @AfterSuite tearDown -->
</testsuite> <!-- Test -->
